<?xml version="1.0" encoding="utf-8"?>
<TestRun id="0e87df4f-01cb-45ac-9c26-6d29a44a37ef" name="CodeAutomation@DESKTOP-TLVEPS6 2022-10-06 02:51:46" runUser="DESKTOP-TLVEPS6\CodeAutomation" xmlns="http://microsoft.com/schemas/VisualStudio/TeamTest/2010">
  <Times creation="2022-10-06T02:51:46.0488289+05:00" queuing="2022-10-06T02:51:46.0488289+05:00" start="2022-10-06T02:50:03.1573962+05:00" finish="2022-10-06T02:53:13.4983768+05:00" />
  <TestSettings name="default" id="4763878e-6f55-46f6-b1ad-2564855eee6b">
    <Deployment runDeploymentRoot="CodeAutomation_DESKTOP-TLVEPS6_2022-10-06_02_51_46" />
  </TestSettings>
  <Results>
    <UnitTestResult executionId="32fb5845-80a8-47c0-af9f-4f209e324e07" testId="883635c9-6b0c-4d5b-bbe9-d3608477f708" testName="TestCase2_Login (Data Row 0)" computerName="DESKTOP-TLVEPS6" duration="00:00:35.2570218" startTime="2022-10-06T02:51:46.0419069+05:00" endTime="2022-10-06T02:52:21.2995512+05:00" testType="13cdc9d9-ddb5-4fa4-a97d-d965ccfc6d4b" outcome="Passed" testListId="8c84fa94-04c1-424b-9868-57a2d4851a1d" relativeResultsDirectory="32fb5845-80a8-47c0-af9f-4f209e324e07" />
    <UnitTestResult executionId="b83c94ef-b675-4d95-af1e-a01a8996558b" testId="4bbdbc79-b196-48df-b16a-e7cf34b9c6d1" testName="TestCase8_Scrolldownup" computerName="DESKTOP-TLVEPS6" duration="00:00:16.1957936" startTime="2022-10-06T02:52:57.1485317+05:00" endTime="2022-10-06T02:53:13.3447122+05:00" testType="13cdc9d9-ddb5-4fa4-a97d-d965ccfc6d4b" outcome="Passed" testListId="8c84fa94-04c1-424b-9868-57a2d4851a1d" relativeResultsDirectory="b83c94ef-b675-4d95-af1e-a01a8996558b" />
    <UnitTestResult executionId="c5576b07-8142-4f72-92fa-82914a45fcc0" testId="e658952d-9d37-4eab-a4b1-a11acbbefc2a" testName="TestCase3_logout (Data Row 0)" computerName="DESKTOP-TLVEPS6" duration="00:00:19.8951633" startTime="2022-10-06T02:52:21.2995512+05:00" endTime="2022-10-06T02:52:41.1961954+05:00" testType="13cdc9d9-ddb5-4fa4-a97d-d965ccfc6d4b" outcome="Passed" testListId="8c84fa94-04c1-424b-9868-57a2d4851a1d" relativeResultsDirectory="c5576b07-8142-4f72-92fa-82914a45fcc0" />
    <UnitTestResult executionId="38f12aab-8536-4f8d-9c7f-15e8c02651a6" testId="847b090d-ef0a-4cee-a07a-ea3e3c698918" testName="TestCase7_Regitserwithexisting (Data Row 0)" computerName="DESKTOP-TLVEPS6" duration="00:00:15.9510687" startTime="2022-10-06T02:52:41.1961954+05:00" endTime="2022-10-06T02:52:57.1485317+05:00" testType="13cdc9d9-ddb5-4fa4-a97d-d965ccfc6d4b" outcome="Passed" testListId="8c84fa94-04c1-424b-9868-57a2d4851a1d" relativeResultsDirectory="38f12aab-8536-4f8d-9c7f-15e8c02651a6" />
    <UnitTestResult executionId="a3cb867c-5107-4d82-8d5c-5292df5faeca" testId="34eade6e-04b8-4530-8e3d-3190a64c20f2" testName="TestCase1_Register (Data Row 0)" computerName="DESKTOP-TLVEPS6" duration="00:01:42.3671127" startTime="2022-10-06T02:50:03.5415041+05:00" endTime="2022-10-06T02:51:46.0136575+05:00" testType="13cdc9d9-ddb5-4fa4-a97d-d965ccfc6d4b" outcome="Failed" testListId="8c84fa94-04c1-424b-9868-57a2d4851a1d" relativeResultsDirectory="a3cb867c-5107-4d82-8d5c-5292df5faeca">
      <Output>
        <ErrorInfo>
          <Message>Test method SeleniumQuiz.TestCasesClass.TestCase1_Register threw exception: &#xD;
OpenQA.Selenium.WebDriverException: The HTTP request to the remote WebDriver server for URL http://localhost:64126/session/b6e649c4a169c692585f0c37d7245319/actions timed out after 60 seconds. ---&gt; System.Threading.Tasks.TaskCanceledException: A task was canceled.</Message>
          <StackTrace>    at System.Runtime.CompilerServices.TaskAwaiter.ThrowForNonSuccess(Task task)&#xD;
   at System.Runtime.CompilerServices.TaskAwaiter.HandleNonSuccessAndDebuggerNotification(Task task)&#xD;
   at System.Runtime.CompilerServices.TaskAwaiter`1.GetResult()&#xD;
   at OpenQA.Selenium.Remote.HttpCommandExecutor.&lt;MakeHttpRequest&gt;d__35.MoveNext()&#xD;
--- End of stack trace from previous location where exception was thrown ---&#xD;
   at System.Runtime.ExceptionServices.ExceptionDispatchInfo.Throw()&#xD;
   at System.Runtime.CompilerServices.TaskAwaiter.ThrowForNonSuccess(Task task)&#xD;
   at System.Runtime.CompilerServices.TaskAwaiter.HandleNonSuccessAndDebuggerNotification(Task task)&#xD;
   at System.Runtime.CompilerServices.TaskAwaiter`1.GetResult()&#xD;
   at OpenQA.Selenium.Remote.HttpCommandExecutor.Execute(Command commandToExecute)&#xD;
--- End of inner exception stack trace ---&#xD;
    at OpenQA.Selenium.Remote.HttpCommandExecutor.Execute(Command commandToExecute)&#xD;
   at OpenQA.Selenium.Remote.DriverServiceCommandExecutor.Execute(Command commandToExecute)&#xD;
   at OpenQA.Selenium.WebDriver.Execute(String driverCommandToExecute, Dictionary`2 parameters)&#xD;
   at OpenQA.Selenium.WebDriver.PerformActions(IList`1 actionSequenceList)&#xD;
   at OpenQA.Selenium.Interactions.Actions.Perform()&#xD;
   at SeleniumQuiz.BaseCommonMethods.ClickAction(By loc) in C:\Users\CA\source\repos\SeleniumQuiz\SeleniumQuiz\BaseCommonMethods.cs:line 126&#xD;
   at SeleniumQuiz.RegisterFunctionality.Clickcpntbtn() in C:\Users\CA\source\repos\SeleniumQuiz\SeleniumQuiz\RegisterFunctionality.cs:line 168&#xD;
   at SeleniumQuiz.RegisterFunctionality.Regitser(String nameee, String emailll, String passwordd, String fffname, String lllname, String companyyy, String address1111, String address2222, String stateeeee, String cityyyy, String zippp, String phonenumebr, String verifyysignup) in C:\Users\CA\source\repos\SeleniumQuiz\SeleniumQuiz\RegisterFunctionality.cs:line 200&#xD;
   at SeleniumQuiz.TestCasesClass.TestCase1_Register() in C:\Users\CA\source\repos\SeleniumQuiz\SeleniumQuiz\TestCasesClass.cs:line 45&#xD;
</StackTrace>
        </ErrorInfo>
      </Output>
    </UnitTestResult>
  </Results>
  <TestDefinitions>
    <UnitTest name="TestCase1_Register (Data Row 0)" storage="c:\users\ca\source\repos\seleniumquiz\seleniumquiz\bin\debug\seleniumquiz.dll" id="34eade6e-04b8-4530-8e3d-3190a64c20f2">
      <TestCategory>
        <TestCategoryItem TestCategory="Register" />
      </TestCategory>
      <Execution id="a3cb867c-5107-4d82-8d5c-5292df5faeca" />
      <TestMethod codeBase="C:\Users\CA\source\repos\SeleniumQuiz\SeleniumQuiz\bin\Debug\SeleniumQuiz.dll" adapterTypeName="executor://mstestadapter/v2" className="SeleniumQuiz.TestCasesClass" name="TestCase1_Register" />
    </UnitTest>
    <UnitTest name="TestCase2_Login (Data Row 0)" storage="c:\users\ca\source\repos\seleniumquiz\seleniumquiz\bin\debug\seleniumquiz.dll" id="883635c9-6b0c-4d5b-bbe9-d3608477f708">
      <TestCategory>
        <TestCategoryItem TestCategory="Login" />
      </TestCategory>
      <Execution id="32fb5845-80a8-47c0-af9f-4f209e324e07" />
      <TestMethod codeBase="C:\Users\CA\source\repos\SeleniumQuiz\SeleniumQuiz\bin\Debug\SeleniumQuiz.dll" adapterTypeName="executor://mstestadapter/v2" className="SeleniumQuiz.TestCasesClass" name="TestCase2_Login" />
    </UnitTest>
    <UnitTest name="TestCase8_Scrolldownup" storage="c:\users\ca\source\repos\seleniumquiz\seleniumquiz\bin\debug\seleniumquiz.dll" id="4bbdbc79-b196-48df-b16a-e7cf34b9c6d1">
      <TestCategory>
        <TestCategoryItem TestCategory="Scroll" />
      </TestCategory>
      <Execution id="b83c94ef-b675-4d95-af1e-a01a8996558b" />
      <TestMethod codeBase="C:\Users\CA\source\repos\SeleniumQuiz\SeleniumQuiz\bin\Debug\SeleniumQuiz.dll" adapterTypeName="executor://mstestadapter/v2" className="SeleniumQuiz.TestCasesClass" name="TestCase8_Scrolldownup" />
    </UnitTest>
    <UnitTest name="TestCase3_logout (Data Row 0)" storage="c:\users\ca\source\repos\seleniumquiz\seleniumquiz\bin\debug\seleniumquiz.dll" id="e658952d-9d37-4eab-a4b1-a11acbbefc2a">
      <TestCategory>
        <TestCategoryItem TestCategory="Logout" />
      </TestCategory>
      <Execution id="c5576b07-8142-4f72-92fa-82914a45fcc0" />
      <TestMethod codeBase="C:\Users\CA\source\repos\SeleniumQuiz\SeleniumQuiz\bin\Debug\SeleniumQuiz.dll" adapterTypeName="executor://mstestadapter/v2" className="SeleniumQuiz.TestCasesClass" name="TestCase3_logout" />
    </UnitTest>
    <UnitTest name="TestCase7_Regitserwithexisting (Data Row 0)" storage="c:\users\ca\source\repos\seleniumquiz\seleniumquiz\bin\debug\seleniumquiz.dll" id="847b090d-ef0a-4cee-a07a-ea3e3c698918">
      <TestCategory>
        <TestCategoryItem TestCategory="Register" />
      </TestCategory>
      <Execution id="38f12aab-8536-4f8d-9c7f-15e8c02651a6" />
      <TestMethod codeBase="C:\Users\CA\source\repos\SeleniumQuiz\SeleniumQuiz\bin\Debug\SeleniumQuiz.dll" adapterTypeName="executor://mstestadapter/v2" className="SeleniumQuiz.TestCasesClass" name="TestCase7_Regitserwithexisting" />
    </UnitTest>
  </TestDefinitions>
  <TestEntries>
    <TestEntry testId="883635c9-6b0c-4d5b-bbe9-d3608477f708" executionId="32fb5845-80a8-47c0-af9f-4f209e324e07" testListId="8c84fa94-04c1-424b-9868-57a2d4851a1d" />
    <TestEntry testId="4bbdbc79-b196-48df-b16a-e7cf34b9c6d1" executionId="b83c94ef-b675-4d95-af1e-a01a8996558b" testListId="8c84fa94-04c1-424b-9868-57a2d4851a1d" />
    <TestEntry testId="e658952d-9d37-4eab-a4b1-a11acbbefc2a" executionId="c5576b07-8142-4f72-92fa-82914a45fcc0" testListId="8c84fa94-04c1-424b-9868-57a2d4851a1d" />
    <TestEntry testId="847b090d-ef0a-4cee-a07a-ea3e3c698918" executionId="38f12aab-8536-4f8d-9c7f-15e8c02651a6" testListId="8c84fa94-04c1-424b-9868-57a2d4851a1d" />
    <TestEntry testId="34eade6e-04b8-4530-8e3d-3190a64c20f2" executionId="a3cb867c-5107-4d82-8d5c-5292df5faeca" testListId="8c84fa94-04c1-424b-9868-57a2d4851a1d" />
  </TestEntries>
  <TestLists>
    <TestList name="Results Not in a List" id="8c84fa94-04c1-424b-9868-57a2d4851a1d" />
    <TestList name="All Loaded Results" id="19431567-8539-422a-85d7-44ee4e166bda" />
  </TestLists>
  <ResultSummary outcome="Failed">
    <Counters total="5" executed="5" passed="4" failed="1" error="0" timeout="0" aborted="0" inconclusive="0" passedButRunAborted="0" notRunnable="0" notExecuted="0" disconnected="0" warning="0" completed="0" inProgress="0" pending="0" />
  </ResultSummary>
</TestRun>